<?xml version="1.0" encoding="UTF-8"?>
<!-- Generated by org.testng.reporters.JUnitXMLReporter -->
<testsuite ignored="0" hostname="DESKTOP-9FBOA07" failures="0" tests="4" name="FBTest2" time="0.153" errors="0" timestamp="2021-10-30T07:41:54 IST">
  <testcase classname="testclasses.TestFB" name="@BeforeTest launchBrowser" time="0.0">
    <failure type="java.lang.NullPointerException" message="Cannot invoke &amp;quot;org.openqa.selenium.WebDriver.manage()&amp;quot; because &amp;quot;this.driver&amp;quot; is null">
      <![CDATA[java.lang.NullPointerException: Cannot invoke "org.openqa.selenium.WebDriver.manage()" because "this.driver" is null
at testclasses.TestFB.launchBrowser(TestFB.java:60)
... Removed 24 stack frames]]>
    </failure>
  </testcase> <!-- @BeforeTest launchBrowser -->
  <testcase classname="testclasses.TestFB" name="@BeforeClass createObjectOfPom" time="-1.635559914815E9">
    <skipped/>
  </testcase> <!-- @BeforeClass createObjectOfPom -->
  <testcase classname="testclasses.TestFB" name="@BeforeMethod logIn" time="-1.635559914827E9">
    <skipped/>
  </testcase> <!-- @BeforeMethod logIn -->
  <testcase classname="testclasses.TestFB" name="@AfterMethod logOut" time="-1.635559914838E9">
    <skipped/>
  </testcase> <!-- @AfterMethod logOut -->
  <testcase classname="testclasses.TestFB" name="@BeforeMethod logIn" time="-1.635559914848E9">
    <skipped/>
  </testcase> <!-- @BeforeMethod logIn -->
  <testcase classname="testclasses.TestFB" name="@AfterMethod logOut" time="-1.635559914869E9">
    <skipped/>
  </testcase> <!-- @AfterMethod logOut -->
  <testcase classname="testclasses.TestFB" name="@BeforeMethod logIn" time="-1.635559914882E9">
    <skipped/>
  </testcase> <!-- @BeforeMethod logIn -->
  <testcase classname="testclasses.TestFB" name="@AfterMethod logOut" time="-1.635559914894E9">
    <skipped/>
  </testcase> <!-- @AfterMethod logOut -->
  <testcase classname="testclasses.TestFB" name="@BeforeMethod logIn" time="-1.635559914907E9">
    <skipped/>
  </testcase> <!-- @BeforeMethod logIn -->
  <testcase classname="testclasses.TestFB" name="@AfterMethod logOut" time="-1.635559914924E9">
    <skipped/>
  </testcase> <!-- @AfterMethod logOut -->
  <testcase classname="testclasses.TestFB" name="@AfterClass clearPomObjects" time="-1.635559914933E9">
    <skipped/>
  </testcase> <!-- @AfterClass clearPomObjects -->
  <testcase classname="testclasses.TestFB" name="@AfterTest closebrwser" time="-1.635559914938E9">
    <skipped/>
  </testcase> <!-- @AfterTest closebrwser -->
  <testcase classname="testclasses.TestFB" name="homePage" time="0.0">
    <skipped/>
  </testcase> <!-- homePage -->
  <testcase classname="testclasses.TestFB" name="marketplacePage" time="0.0">
    <skipped/>
  </testcase> <!-- marketplacePage -->
  <testcase classname="testclasses.TestFB" name="watchPage" time="0.0">
    <skipped/>
  </testcase> <!-- watchPage -->
  <testcase classname="testclasses.TestFB" name="friendPage" time="0.0">
    <skipped/>
  </testcase> <!-- friendPage -->
</testsuite> <!-- FBTest2 -->
